2024-07-24 20:01:35.401543006 - Error read request-> 122
2024-07-24 20:01:37.529794453 - Error read request-> 122
2024-07-24 20:01:38.402389502 - Error read request-> 122
2024-07-24 20:01:38.402706074 - Error read request-> 122
2024-07-24 20:01:39.015188663 - Error read request-> 122
2024-07-24 20:01:39.015955673 - Error read request-> 122
2024-07-24 20:01:39.915748025 - Error read request-> 122
2024-07-24 20:01:40.129438296 - Error read request-> 122
2024-07-24 20:01:40.291231625 - Error read request-> 122
2024-07-24 20:01:40.489948378 - Error read request-> 122
2024-07-24 20:01:40.490287664 - Error read request-> 122
2024-07-24 20:01:40.667883289 - Error read request-> 122
2024-07-24 20:01:40.668239970 - Error read request-> 122
2024-07-24 20:01:40.848202483 - Error read request-> 122
2024-07-24 20:01:40.848572901 - Error read request-> 122
2024-07-24 20:01:41.012538649 - Error read request-> 122
2024-07-24 20:01:41.207714414 - Error read request-> 122
2024-07-24 20:01:41.389769367 - Error read request-> 122
2024-07-24 20:01:41.390163414 - Error read request-> 122
2024-07-24 20:01:41.568522075 - Error read request-> 122
2024-07-24 20:01:41.568706799 - Error read request-> 122
2024-07-24 20:01:41.760810511 - Error read request-> 122
2024-07-24 20:01:41.761037608 - Error read request-> 122
2024-07-24 20:01:41.948933770 - Error read request-> 122
2024-07-24 20:01:41.949253142 - Error read request-> 122
2024-07-24 20:01:42.137698022 - Error read request-> 122
2024-07-24 20:01:42.138093175 - Error read request-> 122
2024-07-24 20:01:42.315137988 - Error read request-> 122
2024-07-24 20:01:42.315228645 - Error read request-> 122
2024-07-24 20:01:42.521892534 - Error read request-> 122
2024-07-24 20:01:42.522234030 - Error read request-> 122
2024-07-24 20:01:42.682798692 - Error read request-> 122
2024-07-24 20:01:42.869438358 - Error read request-> 122
2024-07-24 20:01:42.869565073 - Error read request-> 122
2024-07-24 20:01:43.056335999 - Error read request-> 122
2024-07-24 20:01:43.275343449 - Error read request-> 122
2024-07-24 20:01:43.275478491 - Error read request-> 122
2024-07-24 20:01:43.460853915 - Error read request-> 122
2024-07-24 20:01:43.647843419 - Error read request-> 122
2024-07-24 20:01:43.870415216 - Error read request-> 122
2024-07-24 20:01:43.870971511 - Error read request-> 122
2024-07-24 20:01:44.100386318 - Error read request-> 122
2024-07-24 20:01:44.100691485 - Error read request-> 122
2024-07-24 20:01:44.317270134 - Error read request-> 122
2024-07-24 20:01:44.525696930 - Error read request-> 122
2024-07-24 20:01:44.526028064 - Error read request-> 122
2024-07-24 20:01:44.739738339 - Error read request-> 122
2024-07-24 20:01:44.962841171 - Error read request-> 122
2024-07-24 20:01:45.185904751 - Error read request-> 122
2024-07-24 20:01:45.186527257 - Error read request-> 122
2024-07-24 20:01:45.423498504 - Error read request-> 122
2024-07-24 20:01:45.644414378 - Error read request-> 122
2024-07-24 20:01:45.644699473 - Error read request-> 122
2024-07-24 20:01:45.840729727 - Error read request-> 122
2024-07-24 20:01:45.841115280 - Error read request-> 122
2024-07-24 20:01:47.163813782 - Error read request-> 122
2024-07-24 20:01:47.164352892 - Error read request-> 122
2024-07-24 20:01:47.831744793 - Error read request-> 122
2024-07-24 20:01:48.035525726 - Error read request-> 122
2024-07-24 20:01:48.035877177 - Error read request-> 122
2024-07-24 20:01:48.211872934 - Error read request-> 122
2024-07-24 20:01:48.212057384 - Error read request-> 122
2024-07-24 20:01:48.395243256 - Error read request-> 122
2024-07-24 20:01:48.395418404 - Error read request-> 122
2024-07-24 20:01:48.568475497 - Error read request-> 122
2024-07-24 20:01:48.568631063 - Error read request-> 122
2024-07-24 20:01:48.771706146 - Error read request-> 122
2024-07-24 20:01:48.772068643 - Error read request-> 122
2024-07-24 20:01:48.957652404 - Error read request-> 122
2024-07-24 20:01:49.130253573 - Error read request-> 122
2024-07-24 20:01:49.130399376 - Error read request-> 122
2024-07-24 20:01:49.311574770 - Error read request-> 122
2024-07-24 20:01:49.311800382 - Error read request-> 122
2024-07-24 20:01:49.517510060 - Error read request-> 122
2024-07-24 20:01:49.517801087 - Error read request-> 122
2024-07-24 20:01:49.706795322 - Error read request-> 122
2024-07-24 20:01:49.707087859 - Error read request-> 122
2024-07-24 20:01:49.907436941 - Error read request-> 122
2024-07-24 20:01:49.907604985 - Error read request-> 122
2024-07-24 20:01:50.088101118 - Error read request-> 122
2024-07-24 20:01:50.088440892 - Error read request-> 122
2024-07-24 20:01:50.273634751 - Error read request-> 122
2024-07-24 20:01:50.453460167 - Error read request-> 122
2024-07-24 20:01:50.453554782 - Error read request-> 122
2024-07-24 20:01:50.666051698 - Error read request-> 122
2024-07-24 20:01:50.666455204 - Error read request-> 122
2024-07-24 20:01:50.871111553 - Error read request-> 122
2024-07-24 20:01:51.072990656 - Error read request-> 122
2024-07-24 20:01:51.260076122 - Error read request-> 122
2024-07-24 20:01:51.260356437 - Error read request-> 122
2024-07-24 20:01:51.433583617 - Error read request-> 122
2024-07-24 20:01:51.433678556 - Error read request-> 122
2024-07-24 20:01:51.634835911 - Error read request-> 122
2024-07-24 20:01:51.634925578 - Error read request-> 122
2024-07-24 20:01:51.848151201 - Error read request-> 122
2024-07-24 20:01:51.848294573 - Error read request-> 122
2024-07-24 20:01:52.043395290 - Error read request-> 122
2024-07-24 20:01:52.231305934 - Error read request-> 122
2024-07-24 20:01:52.231423678 - Error read request-> 122
2024-07-24 20:01:52.231563717 - Error read request-> 122
2024-07-24 20:01:52.432467814 - Error read request-> 122
2024-07-24 20:01:52.627392987 - Error read request-> 122
2024-07-24 20:01:52.850249540 - Error read request-> 122
2024-07-24 20:01:53.029371978 - Error read request-> 122
2024-07-24 20:01:53.231984251 - Error read request-> 122
2024-07-24 20:01:53.440327101 - Error read request-> 122
2024-07-24 20:01:53.626402334 - Error read request-> 122
2024-07-24 20:01:53.817577868 - Error read request-> 122
2024-07-24 20:01:54.008640804 - Error read request-> 122
2024-07-24 20:01:54.008778257 - Error read request-> 122
2024-07-24 20:01:54.195889573 - Error read request-> 122
2024-07-24 20:01:54.397334251 - Error read request-> 122
2024-07-24 20:01:54.607247338 - Error read request-> 122
2024-07-24 20:01:54.607434193 - Error read request-> 122
2024-07-24 20:01:54.813295348 - Error read request-> 122
2024-07-24 20:01:54.813657822 - Error read request-> 122
2024-07-24 20:01:55.014309387 - Error read request-> 122
2024-07-24 20:01:55.214444332 - Error read request-> 122
2024-07-24 20:01:55.214708684 - Error read request-> 122
2024-07-24 20:01:55.400488131 - Error read request-> 122
2024-07-24 20:01:55.400716256 - Error read request-> 122
2024-07-24 20:01:55.598248956 - Error read request-> 122
2024-07-24 20:01:55.598523869 - Error read request-> 122
2024-07-24 20:01:55.794550756 - Error read request-> 122
2024-07-24 20:01:56.045097092 - Error read request-> 122
2024-07-24 20:01:56.197527880 - Error read request-> 122
2024-07-24 20:01:56.197651207 - Error read request-> 122
2024-07-24 20:01:56.411960884 - Error read request-> 122
2024-07-24 20:01:56.616780643 - Error read request-> 122
2024-07-24 20:01:56.827640661 - Error read request-> 122
2024-07-24 20:01:57.033245997 - Error read request-> 122
2024-07-24 20:01:57.033513724 - Error read request-> 122
2024-07-24 20:01:57.254267471 - Error read request-> 122
2024-07-24 20:01:57.470145658 - Error read request-> 122
2024-07-24 20:01:57.470294984 - Error read request-> 122
2024-07-24 20:01:57.649427751 - Error read request-> 122
2024-07-24 20:01:57.844265637 - Error read request-> 122
2024-07-24 20:01:57.844411251 - Error read request-> 122
2024-07-24 20:01:58.043116482 - Error read request-> 122
2024-07-24 20:01:58.043412609 - Error read request-> 122
2024-07-24 20:01:58.262957377 - Error read request-> 122
2024-07-24 20:01:58.263164159 - Error read request-> 122
2024-07-24 20:01:58.441513609 - Error read request-> 122
2024-07-24 20:01:58.684020123 - Error read request-> 122
2024-07-24 20:01:58.684304143 - Error read request-> 122
2024-07-24 20:01:58.874885840 - Error read request-> 122
2024-07-24 20:01:58.875409210 - Error read request-> 122
2024-07-24 20:01:59.119662776 - Error read request-> 122
2024-07-24 20:01:59.120290313 - Error read request-> 122
2024-07-24 20:01:59.510067235 - Error read request-> 122
2024-07-24 20:01:59.510396886 - Error read request-> 122
2024-07-24 20:01:59.723994319 - Error read request-> 122
2024-07-24 20:01:59.963728832 - Error read request-> 122
2024-07-24 20:01:59.964001177 - Error read request-> 122
2024-07-24 20:02:00.158628808 - Error read request-> 122
2024-07-24 20:02:00.475832180 - Error read request-> 122
2024-07-24 20:02:00.476060767 - Error read request-> 122
2024-07-24 20:02:00.694720633 - Error read request-> 122
2024-07-24 20:02:00.916402722 - Error read request-> 122
2024-07-24 20:02:00.916573735 - Error read request-> 122
2024-07-24 20:02:01.118601390 - Error read request-> 122
2024-07-24 20:02:01.118777188 - Error read request-> 122
2024-07-24 20:02:01.315388429 - Error read request-> 122
2024-07-24 20:02:01.315501029 - Error read request-> 122
2024-07-24 20:02:01.514936567 - Error read request-> 122
2024-07-24 20:02:01.515128768 - Error read request-> 122
2024-07-24 20:02:01.710797019 - Error read request-> 122
2024-07-24 20:02:01.711279386 - Error read request-> 122
2024-07-24 20:02:02.808900829 - Error read request-> 122
2024-07-24 20:02:02.809070912 - Error read request-> 122
2024-07-24 20:02:03.421928534 - Error read request-> 122
2024-07-24 20:02:04.016340257 - Error read request-> 122
2024-07-24 20:02:04.016859223 - Error read request-> 122
2024-07-24 20:02:04.587210393 - Error read request-> 122
2024-07-24 20:02:04.587410700 - Error read request-> 122
2024-07-24 20:02:05.211745064 - Error read request-> 122
2024-07-24 20:02:05.720623192 - Error read request-> 122
2024-07-24 20:02:05.720867990 - Error read request-> 122
2024-07-24 20:02:06.281238949 - Error read request-> 122
2024-07-24 20:02:06.825595463 - Error read request-> 122
2024-07-24 20:02:06.825838396 - Error read request-> 122
2024-07-24 20:02:07.344933723 - Error read request-> 122
2024-07-24 20:02:07.876191135 - Error read request-> 122
2024-07-24 20:02:08.398661610 - Error read request-> 122
2024-07-24 20:02:09.515903690 - Error read request-> 122
2024-07-24 20:02:10.107336172 - Error read request-> 122
2024-07-24 20:02:10.314752120 - Error read request-> 122
2024-07-24 20:02:10.315091234 - Error read request-> 122
2024-07-24 20:02:10.508848108 - Error read request-> 122
2024-07-24 20:02:10.508948349 - Error read request-> 122
2024-07-24 20:02:10.681302758 - Error read request-> 122
2024-07-24 20:02:10.681754216 - Error read request-> 122
2024-07-24 20:02:10.847131831 - Error read request-> 122
2024-07-24 20:02:10.847279726 - Error read request-> 122
2024-07-24 20:02:11.044530219 - Error read request-> 122
2024-07-24 20:02:11.045175287 - Error read request-> 122
2024-07-24 20:02:18.471069440 - parse eror page-> No such file or directory (os error 2)
2024-07-24 20:02:19.771395899 - parse eror page-> No such file or directory (os error 2)
2024-07-24 20:02:20.464417014 - parse eror page-> No such file or directory (os error 2)
2024-07-24 20:02:20.993611231 - parse eror page-> No such file or directory (os error 2)
2024-07-24 20:02:21.147071233 - parse eror page-> No such file or directory (os error 2)
2024-07-24 20:02:21.327703593 - parse eror page-> No such file or directory (os error 2)
2024-07-24 20:02:21.503079648 - parse eror page-> No such file or directory (os error 2)
2024-07-24 20:02:21.671375159 - parse eror page-> No such file or directory (os error 2)
2024-07-24 20:02:21.875994468 - Error read request-> 122
2024-07-24 20:02:22.012547450 - parse eror page-> No such file or directory (os error 2)
2024-07-24 20:02:22.189085804 - parse eror page-> No such file or directory (os error 2)
2024-07-24 20:02:22.394535811 - parse eror page-> No such file or directory (os error 2)
2024-07-24 20:04:15.950436414 - parse eror page-> No such file or directory (os error 2)
2024-07-24 20:04:17.493826843 - parse eror page-> No such file or directory (os error 2)
2024-07-24 20:04:18.243852004 - parse eror page-> No such file or directory (os error 2)
2024-07-24 20:04:18.423330496 - parse eror page-> No such file or directory (os error 2)
2024-07-24 20:04:18.723017267 - parse eror page-> No such file or directory (os error 2)
2024-07-24 20:04:19.198058731 - parse eror page-> No such file or directory (os error 2)
2024-07-24 20:04:19.824091654 - parse eror page-> No such file or directory (os error 2)
2024-07-24 20:04:20.435811910 - parse eror page-> No such file or directory (os error 2)
2024-07-24 20:04:20.914176064 - parse eror page-> No such file or directory (os error 2)
2024-07-24 20:04:21.107208496 - parse eror page-> No such file or directory (os error 2)
2024-07-24 20:04:21.414988664 - parse eror page-> No such file or directory (os error 2)
2024-07-24 20:04:21.620148402 - parse eror page-> No such file or directory (os error 2)
2024-07-24 20:04:21.819400157 - parse eror page-> No such file or directory (os error 2)
2024-07-24 20:04:22.046909859 - parse eror page-> No such file or directory (os error 2)
2024-07-24 20:04:22.243952973 - parse eror page-> No such file or directory (os error 2)
2024-07-24 20:04:22.448659133 - parse eror page-> No such file or directory (os error 2)
2024-07-24 20:04:22.644256498 - parse eror page-> No such file or directory (os error 2)
2024-07-24 20:04:22.803058440 - parse eror page-> No such file or directory (os error 2)
2024-07-24 20:04:23.010967688 - parse eror page-> No such file or directory (os error 2)
2024-07-24 20:04:23.206395818 - parse eror page-> No such file or directory (os error 2)
2024-07-24 20:04:23.413686111 - parse eror page-> No such file or directory (os error 2)
2024-07-24 20:04:23.600123614 - parse eror page-> No such file or directory (os error 2)
2024-07-24 20:04:23.772204715 - parse eror page-> No such file or directory (os error 2)
2024-07-24 20:04:23.974805406 - parse eror page-> No such file or directory (os error 2)
2024-07-24 20:04:24.189807467 - parse eror page-> No such file or directory (os error 2)
2024-07-24 20:04:24.335200477 - parse eror page-> No such file or directory (os error 2)
2024-07-24 20:04:24.536621108 - parse eror page-> No such file or directory (os error 2)
2024-07-24 20:04:24.723085984 - parse eror page-> No such file or directory (os error 2)
2024-07-24 20:04:24.921315464 - parse eror page-> No such file or directory (os error 2)
2024-07-24 20:04:25.100472322 - parse eror page-> No such file or directory (os error 2)
2024-07-24 20:04:25.282469334 - parse eror page-> No such file or directory (os error 2)
2024-07-24 20:04:25.449765073 - parse eror page-> No such file or directory (os error 2)
2024-07-24 20:04:25.623925896 - parse eror page-> No such file or directory (os error 2)
2024-07-24 20:04:25.808747512 - parse eror page-> No such file or directory (os error 2)
2024-07-24 20:04:26.007330318 - parse eror page-> No such file or directory (os error 2)
2024-07-24 20:06:53.614751397 - parse eror page-> No such file or directory (os error 2)
2024-07-24 20:06:54.470448880 - parse eror page-> No such file or directory (os error 2)
2024-07-24 20:06:55.300149119 - parse eror page-> No such file or directory (os error 2)
2024-07-24 20:06:58.116553416 - parse eror page-> No such file or directory (os error 2)
2024-07-24 20:06:58.911985870 - parse eror page-> No such file or directory (os error 2)
2024-07-24 20:06:59.700962997 - parse eror page-> No such file or directory (os error 2)
2024-07-24 20:07:00.273896423 - parse eror page-> No such file or directory (os error 2)
2024-07-24 20:07:00.820560209 - parse eror page-> No such file or directory (os error 2)
2024-07-24 20:39:32.783600465 - parse eror page-> No such file or directory (os error 2)
2024-07-24 20:39:36.338611683 - Error read request-> 122
2024-07-24 20:39:36.966561980 - Error read request-> 122
2024-07-24 20:39:37.545113839 - parse eror page-> No such file or directory (os error 2)
2024-07-24 20:39:37.711636020 - parse eror page-> No such file or directory (os error 2)
2024-07-24 20:39:37.908837645 - parse eror page-> No such file or directory (os error 2)
2024-07-24 20:39:38.078633376 - parse eror page-> No such file or directory (os error 2)
2024-07-24 20:39:38.245268162 - parse eror page-> No such file or directory (os error 2)
2024-07-24 20:39:38.449566641 - parse eror page-> No such file or directory (os error 2)
2024-07-24 20:39:38.583141907 - parse eror page-> No such file or directory (os error 2)
2024-07-24 20:39:38.741640742 - parse eror page-> No such file or directory (os error 2)
2024-07-24 20:39:38.935639988 - parse eror page-> No such file or directory (os error 2)
2024-07-24 20:42:53.654873745 - Error read request-> 120
2024-07-24 20:42:53.655695381 - Error read request-> 120
2024-07-24 20:43:01.224722249 - Error read request-> 120
2024-07-24 20:43:01.225246239 - Error read request-> 120
2024-07-24 20:43:17.724084622 - Error read request-> 120
2024-07-24 20:43:17.724694063 - Error read request-> 120
2024-07-24 20:43:17.725011993 - Error read request-> 120
2024-07-24 20:43:25.532172046 - Error read request-> 120
2024-07-24 22:52:14.755222933 - error: Interrupted system call (os error 4)
2024-07-25 13:19:46.603199040 - Error read request-> Error { kind: InvalidData, message: "stream did not contain valid UTF-8" }
2024-07-25 13:19:46.810454174 - Error read request-> Error { kind: InvalidData, message: "stream did not contain valid UTF-8" }
2024-07-25 13:19:58.298752437 - Error read request-> Error { kind: InvalidData, message: "stream did not contain valid UTF-8" }
2024-07-25 13:19:58.506497972 - Error read request-> Error { kind: InvalidData, message: "stream did not contain valid UTF-8" }
2024-07-25 13:21:24.853011202 - Error read request-> Error { kind: InvalidData, message: "stream did not contain valid UTF-8" }
2024-07-25 13:21:25.062812218 - Error read request-> Error { kind: InvalidData, message: "stream did not contain valid UTF-8" }
2024-07-25 13:23:35.882563518 - Error read request-> Error { kind: InvalidData, message: "stream did not contain valid UTF-8" }
2024-07-25 13:23:36.094572848 - Error read request-> Error { kind: InvalidData, message: "stream did not contain valid UTF-8" }
2024-07-25 13:33:44.060673882 - Error read request-> Os { code: 11, kind: WouldBlock, message: "Resource temporarily unavailable" }
2024-07-25 13:33:44.060825132 - Error read request-> Error { kind: InvalidData, message: "stream did not contain valid UTF-8" }
2024-07-25 13:33:44.060996350 - Error read request-> Error { kind: InvalidData, message: "stream did not contain valid UTF-8" }
2024-07-25 13:33:44.061179174 - Error read request-> Error { kind: InvalidData, message: "stream did not contain valid UTF-8" }
2024-07-25 13:33:59.652586787 - Error read request-> Os { code: 11, kind: WouldBlock, message: "Resource temporarily unavailable" }
2024-07-25 13:33:59.652896200 - Error read request-> Error { kind: InvalidData, message: "stream did not contain valid UTF-8" }
2024-07-25 13:33:59.653132923 - Error read request-> Error { kind: InvalidData, message: "stream did not contain valid UTF-8" }
2024-07-25 13:33:59.906484516 - Error read request-> Error { kind: InvalidData, message: "stream did not contain valid UTF-8" }
2024-07-25 13:34:51.842596019 - Error read request-> Os { code: 11, kind: WouldBlock, message: "Resource temporarily unavailable" }
2024-07-25 13:34:51.842708349 - Error read request-> Error { kind: InvalidData, message: "stream did not contain valid UTF-8" }
2024-07-25 13:34:51.842953963 - Error read request-> Error { kind: InvalidData, message: "stream did not contain valid UTF-8" }
2024-07-25 13:34:51.843094191 - Error read request-> Error { kind: InvalidData, message: "stream did not contain valid UTF-8" }
2024-07-25 13:36:20.478008854 - Error read request-> Os { code: 11, kind: WouldBlock, message: "Resource temporarily unavailable" }
2024-07-25 13:36:20.478182959 - Error read request-> Error { kind: InvalidData, message: "stream did not contain valid UTF-8" }
2024-07-25 13:36:20.730730919 - Error read request-> Error { kind: InvalidData, message: "stream did not contain valid UTF-8" }
2024-07-25 14:02:44.464086119 - Error read request-> 120
2024-07-25 14:08:43.687266816 - Error read request-> 120
2024-07-25 17:09:44.494941303 - Error read request-> 0
2024-07-25 17:09:44.496162392 - Error read request-> 0
2024-07-25 17:09:44.496679771 - Error read request-> 0
2024-07-25 17:09:44.497007729 - Error read request-> 0
2024-07-25 17:09:44.497658278 - Error read request-> 0
2024-07-25 17:11:11.315448182 - Error read request-> 0
2024-07-25 17:11:11.315855483 - Error read request-> 0
2024-07-25 17:11:11.315946717 - Error read request-> 0
2024-07-25 17:11:11.316128279 - Error read request-> 0
2024-07-25 17:16:43.540968711 - Error read request-> 0
2024-07-25 17:16:43.541871871 - Error read request-> 0
2024-07-25 17:16:43.542203460 - Error read request-> 0
2024-07-25 17:16:43.542494509 - Error read request-> 0
2024-07-25 17:16:43.542813175 - Error read request-> 0
2024-07-25 17:19:24.310233626 - Error read request-> 0
2024-07-25 17:19:24.310507022 - Error read request-> 0
2024-07-25 17:19:24.310684696 - Error read request-> 0
2024-07-25 17:19:24.310811699 - Error read request-> 0
2024-07-25 17:19:24.310966844 - Error read request-> 0
2024-07-25 17:23:10.679060505 - Error read request-> 0
2024-07-25 17:23:10.680095624 - Error read request-> 0
2024-07-25 17:23:10.680351752 - Error read request-> 0
2024-07-25 17:23:10.680868233 - Error read request-> 0
2024-07-25 18:01:25.141980350 - parse eror page-> No such file or directory (os error 2)
2024-07-25 19:28:09.872891791 - error: Interrupted system call (os error 4)
2024-07-25 19:38:51.437715374 - error: Interrupted system call (os error 4)
2024-07-25 19:41:48.920128902 - error: Interrupted system call (os error 4)
2024-07-25 19:42:37.024230692 - parse eror page-> No such file or directory (os error 2)
2024-07-25 19:42:40.220145947 - parse eror page-> No such file or directory (os error 2)
2024-07-25 19:42:41.029493606 - parse eror page-> No such file or directory (os error 2)
2024-07-25 19:42:42.289114062 - parse eror page-> No such file or directory (os error 2)
2024-07-25 19:42:43.426099930 - parse eror page-> No such file or directory (os error 2)
2024-07-25 19:42:43.628473328 - parse eror page-> No such file or directory (os error 2)
2024-07-25 19:42:43.807391339 - parse eror page-> No such file or directory (os error 2)
2024-07-25 19:42:43.981297995 - parse eror page-> No such file or directory (os error 2)
2024-07-25 19:42:44.159424832 - parse eror page-> No such file or directory (os error 2)
2024-07-25 19:42:44.288137687 - parse eror page-> No such file or directory (os error 2)
2024-07-25 19:42:44.476219154 - parse eror page-> No such file or directory (os error 2)
2024-07-25 19:42:44.641188748 - parse eror page-> No such file or directory (os error 2)
2024-07-25 19:42:44.808418147 - parse eror page-> No such file or directory (os error 2)
2024-07-25 19:42:44.976063583 - parse eror page-> No such file or directory (os error 2)
2024-07-25 19:42:45.126013196 - parse eror page-> No such file or directory (os error 2)
2024-07-25 19:42:45.333478934 - parse eror page-> No such file or directory (os error 2)
2024-07-25 19:42:45.512557061 - parse eror page-> No such file or directory (os error 2)
2024-07-25 19:42:45.636540691 - parse eror page-> No such file or directory (os error 2)
2024-07-25 19:42:45.825635511 - parse eror page-> No such file or directory (os error 2)
2024-07-25 19:42:45.993600403 - parse eror page-> No such file or directory (os error 2)
2024-07-25 19:42:46.118473127 - parse eror page-> No such file or directory (os error 2)
2024-07-25 19:42:46.354593970 - parse eror page-> No such file or directory (os error 2)
2024-07-25 20:00:13.911550165 - parse eror page-> No such file or directory (os error 2)
2024-07-25 20:00:16.077359013 - parse eror page-> No such file or directory (os error 2)
2024-07-25 20:00:16.648263362 - parse eror page-> No such file or directory (os error 2)
2024-07-25 20:00:17.114019763 - parse eror page-> No such file or directory (os error 2)
2024-07-25 20:00:17.279852239 - parse eror page-> No such file or directory (os error 2)
2024-07-25 20:00:17.457454040 - parse eror page-> No such file or directory (os error 2)
2024-07-25 20:00:17.598969091 - parse eror page-> No such file or directory (os error 2)
2024-07-25 20:00:17.805565234 - parse eror page-> No such file or directory (os error 2)
2024-07-25 20:00:25.735959477 - parse eror page-> No such file or directory (os error 2)
2024-07-25 20:00:25.935589647 - parse eror page-> No such file or directory (os error 2)
2024-07-25 20:00:26.075148228 - parse eror page-> No such file or directory (os error 2)
2024-07-25 20:00:26.230984492 - parse eror page-> No such file or directory (os error 2)
2024-07-25 20:00:26.399652752 - parse eror page-> No such file or directory (os error 2)
2024-07-25 20:00:26.557484641 - parse eror page-> No such file or directory (os error 2)
2024-07-25 20:00:26.759510091 - parse eror page-> No such file or directory (os error 2)
2024-07-25 20:00:26.893102506 - parse eror page-> No such file or directory (os error 2)
2024-07-25 20:00:27.101921957 - parse eror page-> No such file or directory (os error 2)
2024-07-25 20:00:27.196933041 - parse eror page-> No such file or directory (os error 2)
2024-07-25 20:00:27.637969957 - parse eror page-> No such file or directory (os error 2)
2024-07-25 20:00:31.725054014 - parse eror page-> No such file or directory (os error 2)
2024-07-25 20:00:31.903331329 - parse eror page-> No such file or directory (os error 2)
2024-07-25 20:00:32.066216171 - parse eror page-> No such file or directory (os error 2)
2024-07-25 20:00:32.226672377 - parse eror page-> No such file or directory (os error 2)
2024-07-25 20:00:32.377489424 - parse eror page-> No such file or directory (os error 2)
2024-07-25 20:00:32.526839124 - parse eror page-> No such file or directory (os error 2)
2024-07-25 20:00:32.690527774 - parse eror page-> No such file or directory (os error 2)
2024-07-25 20:00:32.869524177 - parse eror page-> No such file or directory (os error 2)
2024-07-25 20:00:33.041809508 - parse eror page-> No such file or directory (os error 2)
2024-07-25 20:00:33.227514247 - parse eror page-> No such file or directory (os error 2)
2024-07-25 20:00:33.351127036 - parse eror page-> No such file or directory (os error 2)
2024-07-25 20:00:33.546702259 - parse eror page-> No such file or directory (os error 2)
2024-07-25 20:00:33.720490402 - parse eror page-> No such file or directory (os error 2)
2024-07-25 20:00:33.850522581 - parse eror page-> No such file or directory (os error 2)
2024-07-25 20:00:34.025863234 - parse eror page-> No such file or directory (os error 2)
2024-07-25 20:00:34.194966428 - parse eror page-> No such file or directory (os error 2)
2024-07-25 20:00:34.371769318 - parse eror page-> No such file or directory (os error 2)
2024-07-25 20:00:34.562930042 - parse eror page-> No such file or directory (os error 2)
2024-07-25 20:00:34.742755306 - parse eror page-> No such file or directory (os error 2)
2024-07-25 20:00:34.898439956 - parse eror page-> No such file or directory (os error 2)
2024-07-25 20:00:35.057830238 - parse eror page-> No such file or directory (os error 2)
2024-07-25 20:00:35.239029004 - parse eror page-> No such file or directory (os error 2)
2024-07-25 20:00:35.409429552 - parse eror page-> No such file or directory (os error 2)
2024-07-25 20:00:35.594828223 - parse eror page-> No such file or directory (os error 2)
2024-07-25 20:00:35.699330314 - parse eror page-> No such file or directory (os error 2)
2024-07-25 20:00:35.877339237 - parse eror page-> No such file or directory (os error 2)
2024-07-25 20:00:36.022689587 - parse eror page-> No such file or directory (os error 2)
2024-07-25 20:00:36.191489287 - parse eror page-> No such file or directory (os error 2)
2024-07-25 20:00:36.388237626 - parse eror page-> No such file or directory (os error 2)
2024-07-25 20:00:36.512327265 - parse eror page-> No such file or directory (os error 2)
2024-07-25 20:00:36.690508816 - parse eror page-> No such file or directory (os error 2)
2024-07-25 20:00:36.845897601 - parse eror page-> No such file or directory (os error 2)
2024-07-25 20:00:37.025547553 - parse eror page-> No such file or directory (os error 2)
2024-07-25 20:00:37.131524661 - parse eror page-> No such file or directory (os error 2)
2024-07-25 20:00:37.687015988 - parse eror page-> No such file or directory (os error 2)
2024-07-25 20:00:37.905039930 - parse eror page-> No such file or directory (os error 2)
2024-07-25 20:00:39.915348307 - parse eror page-> No such file or directory (os error 2)
2024-07-25 20:00:40.207522351 - parse eror page-> No such file or directory (os error 2)
2024-07-25 20:00:40.586696623 - parse eror page-> No such file or directory (os error 2)
2024-07-25 20:00:40.775267404 - parse eror page-> No such file or directory (os error 2)
2024-07-25 20:00:40.994974864 - parse eror page-> No such file or directory (os error 2)
2024-07-25 20:00:41.178610872 - parse eror page-> No such file or directory (os error 2)
2024-07-25 20:00:41.370637905 - parse eror page-> No such file or directory (os error 2)
2024-07-25 20:00:41.597501317 - parse eror page-> No such file or directory (os error 2)
2024-07-25 20:00:42.552002152 - parse eror page-> No such file or directory (os error 2)
2024-07-25 20:00:42.728245646 - parse eror page-> No such file or directory (os error 2)
2024-07-25 20:00:42.922435635 - parse eror page-> No such file or directory (os error 2)
2024-07-25 20:00:43.095750932 - parse eror page-> No such file or directory (os error 2)
2024-07-25 20:00:43.278518732 - parse eror page-> No such file or directory (os error 2)
2024-07-25 20:00:43.421089388 - parse eror page-> No such file or directory (os error 2)
2024-07-25 20:00:43.592682015 - parse eror page-> No such file or directory (os error 2)
2024-07-25 20:00:43.783754543 - parse eror page-> No such file or directory (os error 2)
2024-07-25 20:00:43.954970039 - parse eror page-> No such file or directory (os error 2)
2024-07-25 20:00:44.125285149 - parse eror page-> No such file or directory (os error 2)
2024-07-25 20:00:44.302056088 - parse eror page-> No such file or directory (os error 2)
2024-07-25 20:00:44.457476954 - parse eror page-> No such file or directory (os error 2)
2024-07-25 20:00:44.628039140 - parse eror page-> No such file or directory (os error 2)
2024-07-25 20:00:44.800852117 - parse eror page-> No such file or directory (os error 2)
2024-07-25 20:00:44.954051503 - parse eror page-> No such file or directory (os error 2)
2024-07-25 20:00:45.156160590 - parse eror page-> No such file or directory (os error 2)
2024-07-25 20:00:45.313037617 - parse eror page-> No such file or directory (os error 2)
2024-07-25 20:00:45.488145499 - parse eror page-> No such file or directory (os error 2)
2024-07-25 20:00:45.668653783 - parse eror page-> No such file or directory (os error 2)
2024-07-25 20:00:45.851022266 - parse eror page-> No such file or directory (os error 2)
2024-07-25 20:00:46.068905121 - parse eror page-> No such file or directory (os error 2)
2024-07-25 20:00:46.457832208 - parse eror page-> No such file or directory (os error 2)
2024-07-25 20:00:46.638430273 - parse eror page-> No such file or directory (os error 2)
2024-07-25 20:00:46.973814632 - parse eror page-> No such file or directory (os error 2)
2024-07-25 20:00:47.366598029 - parse eror page-> No such file or directory (os error 2)
2024-07-25 20:00:47.607335653 - parse eror page-> No such file or directory (os error 2)
2024-07-25 20:00:47.778524736 - parse eror page-> No such file or directory (os error 2)
2024-07-25 20:00:47.957086015 - parse eror page-> No such file or directory (os error 2)
2024-07-25 20:00:48.154229260 - parse eror page-> No such file or directory (os error 2)
2024-07-25 20:00:48.299045831 - parse eror page-> No such file or directory (os error 2)
2024-07-25 20:00:48.459094728 - parse eror page-> No such file or directory (os error 2)
2024-07-25 20:00:48.597721470 - parse eror page-> No such file or directory (os error 2)
2024-07-25 20:00:48.787820787 - parse eror page-> No such file or directory (os error 2)
2024-07-25 20:00:48.936608418 - parse eror page-> No such file or directory (os error 2)
2024-07-25 20:00:49.047711593 - parse eror page-> No such file or directory (os error 2)
2024-07-25 20:00:49.422435486 - parse eror page-> No such file or directory (os error 2)
2024-07-25 20:00:49.593561670 - parse eror page-> No such file or directory (os error 2)
2024-07-25 20:00:49.742061476 - parse eror page-> No such file or directory (os error 2)
2024-07-25 20:00:49.902062684 - parse eror page-> No such file or directory (os error 2)
2024-07-25 20:00:50.110985217 - parse eror page-> No such file or directory (os error 2)
2024-07-25 20:58:02.376795461 - parse eror page-> No such file or directory (os error 2)
2024-07-25 21:02:02.521891333 - parse eror page-> No such file or directory (os error 2)
2024-07-25 21:02:25.085533171 - parse eror page-> No such file or directory (os error 2)
